{"/home/rfmaj/Projects/react-obfuscate-email/src/index.tsx": {"path":"/home/rfmaj/Projects/react-obfuscate-email/src/index.tsx","statementMap":{"0":{"start":{"line":1,"column":0},"end":{"line":1,"column":null}},"1":{"start":{"line":7,"column":0},"end":{"line":7,"column":46}},"2":{"start":{"line":10,"column":29},"end":{"line":10,"column":45}},"3":{"start":{"line":10,"column":17},"end":{"line":10,"column":19}},"4":{"start":{"line":10,"column":25},"end":{"line":10,"column":29}},"5":{"start":{"line":11,"column":2},"end":{"line":26,"column":4}},"6":{"start":{"line":40,"column":2},"end":{"line":40,"column":6}},"7":{"start":{"line":40,"column":6},"end":{"line":40,"column":null}},"8":{"start":{"line":41,"column":2},"end":{"line":41,"column":9}},"9":{"start":{"line":41,"column":9},"end":{"line":41,"column":null}},"10":{"start":{"line":42,"column":10},"end":{"line":42,"column":null}},"11":{"start":{"line":43,"column":11},"end":{"line":43,"column":null}},"12":{"start":{"line":44,"column":7},"end":{"line":44,"column":null}},"13":{"start":{"line":45,"column":9},"end":{"line":46,"column":8}},"14":{"start":{"line":47,"column":32},"end":{"line":47,"column":47}},"15":{"start":{"line":47,"column":16},"end":{"line":47,"column":18}},"16":{"start":{"line":47,"column":28},"end":{"line":47,"column":32}},"17":{"start":{"line":48,"column":19},"end":{"line":48,"column":45}},"18":{"start":{"line":51,"column":2},"end":{"line":51,"column":59}},"19":{"start":{"line":54,"column":4},"end":{"line":54,"column":21}},"20":{"start":{"line":57,"column":22},"end":{"line":57,"column":39}},"21":{"start":{"line":58,"column":25},"end":{"line":58,"column":58}},"22":{"start":{"line":60,"column":2},"end":{"line":70,"column":4}},"23":{"start":{"line":39,"column":0},"end":{"line":39,"column":16}}},"fnMap":{"0":{"name":"obfuscateEmail","decl":{"start":{"line":9,"column":9},"end":{"line":9,"column":23}},"loc":{"start":{"line":9,"column":37},"end":{"line":27,"column":1}}},"1":{"name":"Email","decl":{"start":{"line":39,"column":16},"end":{"line":39,"column":21}},"loc":{"start":{"line":46,"column":8},"end":{"line":71,"column":1}}},"2":{"name":"handleHover","decl":{"start":{"line":53,"column":11},"end":{"line":53,"column":22}},"loc":{"start":{"line":53,"column":22},"end":{"line":55,"column":3}}}},"branchMap":{"0":{"loc":{"start":{"line":40,"column":9},"end":{"line":40,"column":11}},"type":"cond-expr","locations":[{"start":{"line":40,"column":9},"end":{"line":40,"column":11}},{"start":{"line":40,"column":11},"end":{"line":40,"column":null}}]},"1":{"loc":{"start":{"line":41,"column":12},"end":{"line":41,"column":14}},"type":"cond-expr","locations":[{"start":{"line":41,"column":12},"end":{"line":41,"column":14}},{"start":{"line":41,"column":14},"end":{"line":41,"column":null}}]},"2":{"loc":{"start":{"line":57,"column":22},"end":{"line":57,"column":30}},"type":"binary-expr","locations":[{"start":{"line":57,"column":22},"end":{"line":57,"column":30}},{"start":{"line":57,"column":34},"end":{"line":57,"column":39}}]},"3":{"loc":{"start":{"line":58,"column":25},"end":{"line":58,"column":33}},"type":"binary-expr","locations":[{"start":{"line":58,"column":25},"end":{"line":58,"column":33}},{"start":{"line":58,"column":37},"end":{"line":58,"column":58}}]},"4":{"loc":{"start":{"line":63,"column":22},"end":{"line":63,"column":35}},"type":"cond-expr","locations":[{"start":{"line":63,"column":22},"end":{"line":63,"column":35}},{"start":{"line":63,"column":38},"end":{"line":63,"column":41}}]},"5":{"loc":{"start":{"line":68,"column":17},"end":{"line":68,"column":28}},"type":"cond-expr","locations":[{"start":{"line":68,"column":17},"end":{"line":68,"column":28}},{"start":{"line":68,"column":31},"end":{"line":68,"column":45}}]}},"s":{"0":1,"1":1,"2":10,"3":10,"4":10,"5":10,"6":14,"7":14,"8":14,"9":14,"10":14,"11":14,"12":14,"13":14,"14":14,"15":14,"16":14,"17":14,"18":14,"19":7,"20":14,"21":14,"22":14,"23":1},"f":{"0":10,"1":14,"2":7},"b":{"0":[10,4],"1":[10,4],"2":[14,10],"3":[14,10],"4":[7,7],"5":[7,7]}}
}
