TN:
SF:src/index.tsx
FN:9,obfuscateEmail
FN:39,Email
FN:53,handleHover
FNF:3
FNH:3
FNDA:10,obfuscateEmail
FNDA:14,Email
FNDA:7,handleHover
DA:1,1
DA:7,1
DA:10,10
DA:11,10
DA:39,1
DA:40,14
DA:41,14
DA:42,14
DA:43,14
DA:44,14
DA:45,14
DA:47,14
DA:48,14
DA:51,14
DA:54,7
DA:57,14
DA:58,14
DA:60,14
LF:18
LH:18
BRDA:40,0,0,10
BRDA:40,0,1,4
BRDA:41,1,0,10
BRDA:41,1,1,4
BRDA:57,2,0,14
BRDA:57,2,1,10
BRDA:58,3,0,14
BRDA:58,3,1,10
BRDA:63,4,0,7
BRDA:63,4,1,7
BRDA:68,5,0,7
BRDA:68,5,1,7
BRF:12
BRH:12
end_of_record
